[2019-04-19 12:28:33] local.ERROR: No application encryption key has been specified. {"exception":"[object] (RuntimeException(code: 0): No application encryption key has been specified. at C:\\Users\\Skrat\\Documents\\Personal\\codecanyon-23014826-fleetcart-laravel-ecommerce-system\\FleetCart\\vendor\\laravel\\framework\\src\\Illuminate\\Encryption\\EncryptionServiceProvider.php:44)
[stacktrace]
#0 C:\\Users\\Skrat\\Documents\\Personal\\codecanyon-23014826-fleetcart-laravel-ecommerce-system\\FleetCart\\vendor\\laravel\\framework\\src\\Illuminate\\Support\\helpers.php(1027): Illuminate\\Encryption\\EncryptionServiceProvider->Illuminate\\Encryption\\{closure}('')
#1 C:\\Users\\Skrat\\Documents\\Personal\\codecanyon-23014826-fleetcart-laravel-ecommerce-system\\FleetCart\\vendor\\laravel\\framework\\src\\Illuminate\\Encryption\\EncryptionServiceProvider.php(48): tap('', Object(Closure))
#2 C:\\Users\\Skrat\\Documents\\Personal\\codecanyon-23014826-fleetcart-laravel-ecommerce-system\\FleetCart\\vendor\\laravel\\framework\\src\\Illuminate\\Encryption\\EncryptionServiceProvider.php(24): Illuminate\\Encryption\\EncryptionServiceProvider->key(Array)
#3 C:\\Users\\Skrat\\Documents\\Personal\\codecanyon-23014826-fleetcart-laravel-ecommerce-system\\FleetCart\\vendor\\laravel\\framework\\src\\Illuminate\\Container\\Container.php(776): Illuminate\\Encryption\\EncryptionServiceProvider->Illuminate\\Encryption\\{closure}(Object(Illuminate\\Foundation\\Application), Array)
#4 C:\\Users\\Skrat\\Documents\\Personal\\codecanyon-23014826-fleetcart-laravel-ecommerce-system\\FleetCart\\vendor\\laravel\\framework\\src\\Illuminate\\Container\\Container.php(658): Illuminate\\Container\\Container->build(Object(Closure))
#5 C:\\Users\\Skrat\\Documents\\Personal\\codecanyon-23014826-fleetcart-laravel-ecommerce-system\\FleetCart\\vendor\\laravel\\framework\\src\\Illuminate\\Container\\Container.php(609): Illuminate\\Container\\Container->resolve('encrypter', Array)
#6 C:\\Users\\Skrat\\Documents\\Personal\\codecanyon-23014826-fleetcart-laravel-ecommerce-system\\FleetCart\\vendor\\laravel\\framework\\src\\Illuminate\\Foundation\\Application.php(759): Illuminate\\Container\\Container->make('encrypter', Array)
#7 C:\\Users\\Skrat\\Documents\\Personal\\codecanyon-23014826-fleetcart-laravel-ecommerce-system\\FleetCart\\vendor\\laravel\\framework\\src\\Illuminate\\Container\\Container.php(912): Illuminate\\Foundation\\Application->make('encrypter')
#8 C:\\Users\\Skrat\\Documents\\Personal\\codecanyon-23014826-fleetcart-laravel-ecommerce-system\\FleetCart\\vendor\\laravel\\framework\\src\\Illuminate\\Container\\Container.php(840): Illuminate\\Container\\Container->resolveClass(Object(ReflectionParameter))
#9 C:\\Users\\Skrat\\Documents\\Personal\\codecanyon-23014826-fleetcart-laravel-ecommerce-system\\FleetCart\\vendor\\laravel\\framework\\src\\Illuminate\\Container\\Container.php(807): Illuminate\\Container\\Container->resolveDependencies(Array)
#10 C:\\Users\\Skrat\\Documents\\Personal\\codecanyon-23014826-fleetcart-laravel-ecommerce-system\\FleetCart\\vendor\\laravel\\framework\\src\\Illuminate\\Container\\Container.php(658): Illuminate\\Container\\Container->build('FleetCart\\\\Http\\\\...')
#11 C:\\Users\\Skrat\\Documents\\Personal\\codecanyon-23014826-fleetcart-laravel-ecommerce-system\\FleetCart\\vendor\\laravel\\framework\\src\\Illuminate\\Container\\Container.php(609): Illuminate\\Container\\Container->resolve('FleetCart\\\\Http\\\\...', Array)
#12 C:\\Users\\Skrat\\Documents\\Personal\\codecanyon-23014826-fleetcart-laravel-ecommerce-system\\FleetCart\\vendor\\laravel\\framework\\src\\Illuminate\\Foundation\\Application.php(759): Illuminate\\Container\\Container->make('FleetCart\\\\Http\\\\...', Array)
#13 C:\\Users\\Skrat\\Documents\\Personal\\codecanyon-23014826-fleetcart-laravel-ecommerce-system\\FleetCart\\vendor\\laravel\\framework\\src\\Illuminate\\Pipeline\\Pipeline.php(152): Illuminate\\Foundation\\Application->make('FleetCart\\\\Http\\\\...')
#14 C:\\Users\\Skrat\\Documents\\Personal\\codecanyon-23014826-fleetcart-laravel-ecommerce-system\\FleetCart\\vendor\\laravel\\framework\\src\\Illuminate\\Routing\\Pipeline.php(53): Illuminate\\Pipeline\\Pipeline->Illuminate\\Pipeline\\{closure}(Object(Illuminate\\Http\\Request))
#15 C:\\Users\\Skrat\\Documents\\Personal\\codecanyon-23014826-fleetcart-laravel-ecommerce-system\\FleetCart\\vendor\\laravel\\framework\\src\\Illuminate\\Pipeline\\Pipeline.php(104): Illuminate\\Routing\\Pipeline->Illuminate\\Routing\\{closure}(Object(Illuminate\\Http\\Request))
#16 C:\\Users\\Skrat\\Documents\\Personal\\codecanyon-23014826-fleetcart-laravel-ecommerce-system\\FleetCart\\vendor\\laravel\\framework\\src\\Illuminate\\Routing\\Router.php(684): Illuminate\\Pipeline\\Pipeline->then(Object(Closure))
#17 C:\\Users\\Skrat\\Documents\\Personal\\codecanyon-23014826-fleetcart-laravel-ecommerce-system\\FleetCart\\vendor\\laravel\\framework\\src\\Illuminate\\Routing\\Router.php(659): Illuminate\\Routing\\Router->runRouteWithinStack(Object(Illuminate\\Routing\\Route), Object(Illuminate\\Http\\Request))
#18 C:\\Users\\Skrat\\Documents\\Personal\\codecanyon-23014826-fleetcart-laravel-ecommerce-system\\FleetCart\\vendor\\laravel\\framework\\src\\Illuminate\\Routing\\Router.php(625): Illuminate\\Routing\\Router->runRoute(Object(Illuminate\\Http\\Request), Object(Illuminate\\Routing\\Route))
#19 C:\\Users\\Skrat\\Documents\\Personal\\codecanyon-23014826-fleetcart-laravel-ecommerce-system\\FleetCart\\vendor\\laravel\\framework\\src\\Illuminate\\Routing\\Router.php(614): Illuminate\\Routing\\Router->dispatchToRoute(Object(Illuminate\\Http\\Request))
#20 C:\\Users\\Skrat\\Documents\\Personal\\codecanyon-23014826-fleetcart-laravel-ecommerce-system\\FleetCart\\vendor\\laravel\\framework\\src\\Illuminate\\Foundation\\Http\\Kernel.php(176): Illuminate\\Routing\\Router->dispatch(Object(Illuminate\\Http\\Request))
#21 C:\\Users\\Skrat\\Documents\\Personal\\codecanyon-23014826-fleetcart-laravel-ecommerce-system\\FleetCart\\vendor\\laravel\\framework\\src\\Illuminate\\Routing\\Pipeline.php(30): Illuminate\\Foundation\\Http\\Kernel->Illuminate\\Foundation\\Http\\{closure}(Object(Illuminate\\Http\\Request))
#22 C:\\Users\\Skrat\\Documents\\Personal\\codecanyon-23014826-fleetcart-laravel-ecommerce-system\\FleetCart\\vendor\\beyondcode\\laravel-query-detector\\src\\QueryDetectorMiddleware.php(27): Illuminate\\Routing\\Pipeline->Illuminate\\Routing\\{closure}(Object(Illuminate\\Http\\Request))
#23 C:\\Users\\Skrat\\Documents\\Personal\\codecanyon-23014826-fleetcart-laravel-ecommerce-system\\FleetCart\\vendor\\laravel\\framework\\src\\Illuminate\\Pipeline\\Pipeline.php(163): BeyondCode\\QueryDetector\\QueryDetectorMiddleware->handle(Object(Illuminate\\Http\\Request), Object(Closure))
#24 C:\\Users\\Skrat\\Documents\\Personal\\codecanyon-23014826-fleetcart-laravel-ecommerce-system\\FleetCart\\vendor\\laravel\\framework\\src\\Illuminate\\Routing\\Pipeline.php(53): Illuminate\\Pipeline\\Pipeline->Illuminate\\Pipeline\\{closure}(Object(Illuminate\\Http\\Request))
#25 C:\\Users\\Skrat\\Documents\\Personal\\codecanyon-23014826-fleetcart-laravel-ecommerce-system\\FleetCart\\vendor\\barryvdh\\laravel-debugbar\\src\\Middleware\\InjectDebugbar.php(58): Illuminate\\Routing\\Pipeline->Illuminate\\Routing\\{closure}(Object(Illuminate\\Http\\Request))
#26 C:\\Users\\Skrat\\Documents\\Personal\\codecanyon-23014826-fleetcart-laravel-ecommerce-system\\FleetCart\\vendor\\laravel\\framework\\src\\Illuminate\\Pipeline\\Pipeline.php(163): Barryvdh\\Debugbar\\Middleware\\InjectDebugbar->handle(Object(Illuminate\\Http\\Request), Object(Closure))
#27 C:\\Users\\Skrat\\Documents\\Personal\\codecanyon-23014826-fleetcart-laravel-ecommerce-system\\FleetCart\\vendor\\laravel\\framework\\src\\Illuminate\\Routing\\Pipeline.php(53): Illuminate\\Pipeline\\Pipeline->Illuminate\\Pipeline\\{closure}(Object(Illuminate\\Http\\Request))
#28 C:\\Users\\Skrat\\Documents\\Personal\\codecanyon-23014826-fleetcart-laravel-ecommerce-system\\FleetCart\\app\\Http\\Middleware\\RunUpdater.php(24): Illuminate\\Routing\\Pipeline->Illuminate\\Routing\\{closure}(Object(Illuminate\\Http\\Request))
#29 C:\\Users\\Skrat\\Documents\\Personal\\codecanyon-23014826-fleetcart-laravel-ecommerce-system\\FleetCart\\vendor\\laravel\\framework\\src\\Illuminate\\Pipeline\\Pipeline.php(163): FleetCart\\Http\\Middleware\\RunUpdater->handle(Object(Illuminate\\Http\\Request), Object(Closure))
#30 C:\\Users\\Skrat\\Documents\\Personal\\codecanyon-23014826-fleetcart-laravel-ecommerce-system\\FleetCart\\vendor\\laravel\\framework\\src\\Illuminate\\Routing\\Pipeline.php(53): Illuminate\\Pipeline\\Pipeline->Illuminate\\Pipeline\\{closure}(Object(Illuminate\\Http\\Request))
#31 C:\\Users\\Skrat\\Documents\\Personal\\codecanyon-23014826-fleetcart-laravel-ecommerce-system\\FleetCart\\app\\Http\\Middleware\\RedirectToInstallerIfNotInstalled.php(22): Illuminate\\Routing\\Pipeline->Illuminate\\Routing\\{closure}(Object(Illuminate\\Http\\Request))
#32 C:\\Users\\Skrat\\Documents\\Personal\\codecanyon-23014826-fleetcart-laravel-ecommerce-system\\FleetCart\\vendor\\laravel\\framework\\src\\Illuminate\\Pipeline\\Pipeline.php(163): FleetCart\\Http\\Middleware\\RedirectToInstallerIfNotInstalled->handle(Object(Illuminate\\Http\\Request), Object(Closure))
#33 C:\\Users\\Skrat\\Documents\\Personal\\codecanyon-23014826-fleetcart-laravel-ecommerce-system\\FleetCart\\vendor\\laravel\\framework\\src\\Illuminate\\Routing\\Pipeline.php(53): Illuminate\\Pipeline\\Pipeline->Illuminate\\Pipeline\\{closure}(Object(Illuminate\\Http\\Request))
#34 C:\\Users\\Skrat\\Documents\\Personal\\codecanyon-23014826-fleetcart-laravel-ecommerce-system\\FleetCart\\vendor\\fideloper\\proxy\\src\\TrustProxies.php(57): Illuminate\\Routing\\Pipeline->Illuminate\\Routing\\{closure}(Object(Illuminate\\Http\\Request))
#35 C:\\Users\\Skrat\\Documents\\Personal\\codecanyon-23014826-fleetcart-laravel-ecommerce-system\\FleetCart\\vendor\\laravel\\framework\\src\\Illuminate\\Pipeline\\Pipeline.php(163): Fideloper\\Proxy\\TrustProxies->handle(Object(Illuminate\\Http\\Request), Object(Closure))
#36 C:\\Users\\Skrat\\Documents\\Personal\\codecanyon-23014826-fleetcart-laravel-ecommerce-system\\FleetCart\\vendor\\laravel\\framework\\src\\Illuminate\\Routing\\Pipeline.php(53): Illuminate\\Pipeline\\Pipeline->Illuminate\\Pipeline\\{closure}(Object(Illuminate\\Http\\Request))
#37 C:\\Users\\Skrat\\Documents\\Personal\\codecanyon-23014826-fleetcart-laravel-ecommerce-system\\FleetCart\\vendor\\laravel\\framework\\src\\Illuminate\\Foundation\\Http\\Middleware\\TransformsRequest.php(31): Illuminate\\Routing\\Pipeline->Illuminate\\Routing\\{closure}(Object(Illuminate\\Http\\Request))
#38 C:\\Users\\Skrat\\Documents\\Personal\\codecanyon-23014826-fleetcart-laravel-ecommerce-system\\FleetCart\\vendor\\laravel\\framework\\src\\Illuminate\\Pipeline\\Pipeline.php(163): Illuminate\\Foundation\\Http\\Middleware\\TransformsRequest->handle(Object(Illuminate\\Http\\Request), Object(Closure))
#39 C:\\Users\\Skrat\\Documents\\Personal\\codecanyon-23014826-fleetcart-laravel-ecommerce-system\\FleetCart\\vendor\\laravel\\framework\\src\\Illuminate\\Routing\\Pipeline.php(53): Illuminate\\Pipeline\\Pipeline->Illuminate\\Pipeline\\{closure}(Object(Illuminate\\Http\\Request))
#40 C:\\Users\\Skrat\\Documents\\Personal\\codecanyon-23014826-fleetcart-laravel-ecommerce-system\\FleetCart\\vendor\\laravel\\framework\\src\\Illuminate\\Foundation\\Http\\Middleware\\TransformsRequest.php(31): Illuminate\\Routing\\Pipeline->Illuminate\\Routing\\{closure}(Object(Illuminate\\Http\\Request))
#41 C:\\Users\\Skrat\\Documents\\Personal\\codecanyon-23014826-fleetcart-laravel-ecommerce-system\\FleetCart\\vendor\\laravel\\framework\\src\\Illuminate\\Pipeline\\Pipeline.php(163): Illuminate\\Foundation\\Http\\Middleware\\TransformsRequest->handle(Object(Illuminate\\Http\\Request), Object(Closure))
#42 C:\\Users\\Skrat\\Documents\\Personal\\codecanyon-23014826-fleetcart-laravel-ecommerce-system\\FleetCart\\vendor\\laravel\\framework\\src\\Illuminate\\Routing\\Pipeline.php(53): Illuminate\\Pipeline\\Pipeline->Illuminate\\Pipeline\\{closure}(Object(Illuminate\\Http\\Request))
#43 C:\\Users\\Skrat\\Documents\\Personal\\codecanyon-23014826-fleetcart-laravel-ecommerce-system\\FleetCart\\vendor\\laravel\\framework\\src\\Illuminate\\Foundation\\Http\\Middleware\\ValidatePostSize.php(27): Illuminate\\Routing\\Pipeline->Illuminate\\Routing\\{closure}(Object(Illuminate\\Http\\Request))
#44 C:\\Users\\Skrat\\Documents\\Personal\\codecanyon-23014826-fleetcart-laravel-ecommerce-system\\FleetCart\\vendor\\laravel\\framework\\src\\Illuminate\\Pipeline\\Pipeline.php(163): Illuminate\\Foundation\\Http\\Middleware\\ValidatePostSize->handle(Object(Illuminate\\Http\\Request), Object(Closure))
#45 C:\\Users\\Skrat\\Documents\\Personal\\codecanyon-23014826-fleetcart-laravel-ecommerce-system\\FleetCart\\vendor\\laravel\\framework\\src\\Illuminate\\Routing\\Pipeline.php(53): Illuminate\\Pipeline\\Pipeline->Illuminate\\Pipeline\\{closure}(Object(Illuminate\\Http\\Request))
#46 C:\\Users\\Skrat\\Documents\\Personal\\codecanyon-23014826-fleetcart-laravel-ecommerce-system\\FleetCart\\vendor\\laravel\\framework\\src\\Illuminate\\Foundation\\Http\\Middleware\\CheckForMaintenanceMode.php(62): Illuminate\\Routing\\Pipeline->Illuminate\\Routing\\{closure}(Object(Illuminate\\Http\\Request))
#47 C:\\Users\\Skrat\\Documents\\Personal\\codecanyon-23014826-fleetcart-laravel-ecommerce-system\\FleetCart\\vendor\\laravel\\framework\\src\\Illuminate\\Pipeline\\Pipeline.php(163): Illuminate\\Foundation\\Http\\Middleware\\CheckForMaintenanceMode->handle(Object(Illuminate\\Http\\Request), Object(Closure))
#48 C:\\Users\\Skrat\\Documents\\Personal\\codecanyon-23014826-fleetcart-laravel-ecommerce-system\\FleetCart\\vendor\\laravel\\framework\\src\\Illuminate\\Routing\\Pipeline.php(53): Illuminate\\Pipeline\\Pipeline->Illuminate\\Pipeline\\{closure}(Object(Illuminate\\Http\\Request))
#49 C:\\Users\\Skrat\\Documents\\Personal\\codecanyon-23014826-fleetcart-laravel-ecommerce-system\\FleetCart\\vendor\\laravel\\framework\\src\\Illuminate\\Pipeline\\Pipeline.php(104): Illuminate\\Routing\\Pipeline->Illuminate\\Routing\\{closure}(Object(Illuminate\\Http\\Request))
#50 C:\\Users\\Skrat\\Documents\\Personal\\codecanyon-23014826-fleetcart-laravel-ecommerce-system\\FleetCart\\vendor\\laravel\\framework\\src\\Illuminate\\Foundation\\Http\\Kernel.php(151): Illuminate\\Pipeline\\Pipeline->then(Object(Closure))
#51 C:\\Users\\Skrat\\Documents\\Personal\\codecanyon-23014826-fleetcart-laravel-ecommerce-system\\FleetCart\\vendor\\laravel\\framework\\src\\Illuminate\\Foundation\\Http\\Kernel.php(116): Illuminate\\Foundation\\Http\\Kernel->sendRequestThroughRouter(Object(Illuminate\\Http\\Request))
#52 C:\\Users\\Skrat\\Documents\\Personal\\codecanyon-23014826-fleetcart-laravel-ecommerce-system\\FleetCart\\public\\index.php(55): Illuminate\\Foundation\\Http\\Kernel->handle(Object(Illuminate\\Http\\Request))
#53 C:\\Users\\Skrat\\Documents\\Personal\\codecanyon-23014826-fleetcart-laravel-ecommerce-system\\FleetCart\\server.php(21): require_once('C:\\\\Users\\\\Skrat\\\\...')
#54 {main}
"} 
[2019-04-19 12:28:33] local.ERROR: No application encryption key has been specified. {"exception":"[object] (RuntimeException(code: 0): No application encryption key has been specified. at C:\\Users\\Skrat\\Documents\\Personal\\codecanyon-23014826-fleetcart-laravel-ecommerce-system\\FleetCart\\vendor\\laravel\\framework\\src\\Illuminate\\Encryption\\EncryptionServiceProvider.php:44)
[stacktrace]
#0 C:\\Users\\Skrat\\Documents\\Personal\\codecanyon-23014826-fleetcart-laravel-ecommerce-system\\FleetCart\\vendor\\laravel\\framework\\src\\Illuminate\\Support\\helpers.php(1027): Illuminate\\Encryption\\EncryptionServiceProvider->Illuminate\\Encryption\\{closure}('')
#1 C:\\Users\\Skrat\\Documents\\Personal\\codecanyon-23014826-fleetcart-laravel-ecommerce-system\\FleetCart\\vendor\\laravel\\framework\\src\\Illuminate\\Encryption\\EncryptionServiceProvider.php(48): tap('', Object(Closure))
#2 C:\\Users\\Skrat\\Documents\\Personal\\codecanyon-23014826-fleetcart-laravel-ecommerce-system\\FleetCart\\vendor\\laravel\\framework\\src\\Illuminate\\Encryption\\EncryptionServiceProvider.php(24): Illuminate\\Encryption\\EncryptionServiceProvider->key(Array)
#3 C:\\Users\\Skrat\\Documents\\Personal\\codecanyon-23014826-fleetcart-laravel-ecommerce-system\\FleetCart\\vendor\\laravel\\framework\\src\\Illuminate\\Container\\Container.php(776): Illuminate\\Encryption\\EncryptionServiceProvider->Illuminate\\Encryption\\{closure}(Object(Illuminate\\Foundation\\Application), Array)
#4 C:\\Users\\Skrat\\Documents\\Personal\\codecanyon-23014826-fleetcart-laravel-ecommerce-system\\FleetCart\\vendor\\laravel\\framework\\src\\Illuminate\\Container\\Container.php(658): Illuminate\\Container\\Container->build(Object(Closure))
#5 C:\\Users\\Skrat\\Documents\\Personal\\codecanyon-23014826-fleetcart-laravel-ecommerce-system\\FleetCart\\vendor\\laravel\\framework\\src\\Illuminate\\Container\\Container.php(609): Illuminate\\Container\\Container->resolve('encrypter', Array)
#6 C:\\Users\\Skrat\\Documents\\Personal\\codecanyon-23014826-fleetcart-laravel-ecommerce-system\\FleetCart\\vendor\\laravel\\framework\\src\\Illuminate\\Foundation\\Application.php(759): Illuminate\\Container\\Container->make('encrypter', Array)
#7 C:\\Users\\Skrat\\Documents\\Personal\\codecanyon-23014826-fleetcart-laravel-ecommerce-system\\FleetCart\\vendor\\laravel\\framework\\src\\Illuminate\\Container\\Container.php(912): Illuminate\\Foundation\\Application->make('encrypter')
#8 C:\\Users\\Skrat\\Documents\\Personal\\codecanyon-23014826-fleetcart-laravel-ecommerce-system\\FleetCart\\vendor\\laravel\\framework\\src\\Illuminate\\Container\\Container.php(840): Illuminate\\Container\\Container->resolveClass(Object(ReflectionParameter))
#9 C:\\Users\\Skrat\\Documents\\Personal\\codecanyon-23014826-fleetcart-laravel-ecommerce-system\\FleetCart\\vendor\\laravel\\framework\\src\\Illuminate\\Container\\Container.php(807): Illuminate\\Container\\Container->resolveDependencies(Array)
#10 C:\\Users\\Skrat\\Documents\\Personal\\codecanyon-23014826-fleetcart-laravel-ecommerce-system\\FleetCart\\vendor\\laravel\\framework\\src\\Illuminate\\Container\\Container.php(658): Illuminate\\Container\\Container->build('FleetCart\\\\Http\\\\...')
#11 C:\\Users\\Skrat\\Documents\\Personal\\codecanyon-23014826-fleetcart-laravel-ecommerce-system\\FleetCart\\vendor\\laravel\\framework\\src\\Illuminate\\Container\\Container.php(609): Illuminate\\Container\\Container->resolve('FleetCart\\\\Http\\\\...', Array)
#12 C:\\Users\\Skrat\\Documents\\Personal\\codecanyon-23014826-fleetcart-laravel-ecommerce-system\\FleetCart\\vendor\\laravel\\framework\\src\\Illuminate\\Foundation\\Application.php(759): Illuminate\\Container\\Container->make('FleetCart\\\\Http\\\\...', Array)
#13 C:\\Users\\Skrat\\Documents\\Personal\\codecanyon-23014826-fleetcart-laravel-ecommerce-system\\FleetCart\\vendor\\laravel\\framework\\src\\Illuminate\\Foundation\\Http\\Kernel.php(215): Illuminate\\Foundation\\Application->make('FleetCart\\\\Http\\\\...')
#14 C:\\Users\\Skrat\\Documents\\Personal\\codecanyon-23014826-fleetcart-laravel-ecommerce-system\\FleetCart\\vendor\\laravel\\framework\\src\\Illuminate\\Foundation\\Http\\Kernel.php(189): Illuminate\\Foundation\\Http\\Kernel->terminateMiddleware(Object(Illuminate\\Http\\Request), Object(Illuminate\\Http\\Response))
#15 C:\\Users\\Skrat\\Documents\\Personal\\codecanyon-23014826-fleetcart-laravel-ecommerce-system\\FleetCart\\public\\index.php(60): Illuminate\\Foundation\\Http\\Kernel->terminate(Object(Illuminate\\Http\\Request), Object(Illuminate\\Http\\Response))
#16 C:\\Users\\Skrat\\Documents\\Personal\\codecanyon-23014826-fleetcart-laravel-ecommerce-system\\FleetCart\\server.php(21): require_once('C:\\\\Users\\\\Skrat\\\\...')
#17 {main}
"} 
[2019-04-19 12:30:55] local.ERROR: No application encryption key has been specified. {"exception":"[object] (RuntimeException(code: 0): No application encryption key has been specified. at C:\\Users\\Skrat\\Documents\\Personal\\codecanyon-23014826-fleetcart-laravel-ecommerce-system\\FleetCart\\vendor\\laravel\\framework\\src\\Illuminate\\Encryption\\EncryptionServiceProvider.php:44)
[stacktrace]
#0 C:\\Users\\Skrat\\Documents\\Personal\\codecanyon-23014826-fleetcart-laravel-ecommerce-system\\FleetCart\\vendor\\laravel\\framework\\src\\Illuminate\\Support\\helpers.php(1027): Illuminate\\Encryption\\EncryptionServiceProvider->Illuminate\\Encryption\\{closure}('')
#1 C:\\Users\\Skrat\\Documents\\Personal\\codecanyon-23014826-fleetcart-laravel-ecommerce-system\\FleetCart\\vendor\\laravel\\framework\\src\\Illuminate\\Encryption\\EncryptionServiceProvider.php(48): tap('', Object(Closure))
#2 C:\\Users\\Skrat\\Documents\\Personal\\codecanyon-23014826-fleetcart-laravel-ecommerce-system\\FleetCart\\vendor\\laravel\\framework\\src\\Illuminate\\Encryption\\EncryptionServiceProvider.php(24): Illuminate\\Encryption\\EncryptionServiceProvider->key(Array)
#3 C:\\Users\\Skrat\\Documents\\Personal\\codecanyon-23014826-fleetcart-laravel-ecommerce-system\\FleetCart\\vendor\\laravel\\framework\\src\\Illuminate\\Container\\Container.php(776): Illuminate\\Encryption\\EncryptionServiceProvider->Illuminate\\Encryption\\{closure}(Object(Illuminate\\Foundation\\Application), Array)
#4 C:\\Users\\Skrat\\Documents\\Personal\\codecanyon-23014826-fleetcart-laravel-ecommerce-system\\FleetCart\\vendor\\laravel\\framework\\src\\Illuminate\\Container\\Container.php(658): Illuminate\\Container\\Container->build(Object(Closure))
#5 C:\\Users\\Skrat\\Documents\\Personal\\codecanyon-23014826-fleetcart-laravel-ecommerce-system\\FleetCart\\vendor\\laravel\\framework\\src\\Illuminate\\Container\\Container.php(609): Illuminate\\Container\\Container->resolve('encrypter', Array)
#6 C:\\Users\\Skrat\\Documents\\Personal\\codecanyon-23014826-fleetcart-laravel-ecommerce-system\\FleetCart\\vendor\\laravel\\framework\\src\\Illuminate\\Foundation\\Application.php(759): Illuminate\\Container\\Container->make('encrypter', Array)
#7 C:\\Users\\Skrat\\Documents\\Personal\\codecanyon-23014826-fleetcart-laravel-ecommerce-system\\FleetCart\\vendor\\laravel\\framework\\src\\Illuminate\\Container\\Container.php(912): Illuminate\\Foundation\\Application->make('encrypter')
#8 C:\\Users\\Skrat\\Documents\\Personal\\codecanyon-23014826-fleetcart-laravel-ecommerce-system\\FleetCart\\vendor\\laravel\\framework\\src\\Illuminate\\Container\\Container.php(840): Illuminate\\Container\\Container->resolveClass(Object(ReflectionParameter))
#9 C:\\Users\\Skrat\\Documents\\Personal\\codecanyon-23014826-fleetcart-laravel-ecommerce-system\\FleetCart\\vendor\\laravel\\framework\\src\\Illuminate\\Container\\Container.php(807): Illuminate\\Container\\Container->resolveDependencies(Array)
#10 C:\\Users\\Skrat\\Documents\\Personal\\codecanyon-23014826-fleetcart-laravel-ecommerce-system\\FleetCart\\vendor\\laravel\\framework\\src\\Illuminate\\Container\\Container.php(658): Illuminate\\Container\\Container->build('FleetCart\\\\Http\\\\...')
#11 C:\\Users\\Skrat\\Documents\\Personal\\codecanyon-23014826-fleetcart-laravel-ecommerce-system\\FleetCart\\vendor\\laravel\\framework\\src\\Illuminate\\Container\\Container.php(609): Illuminate\\Container\\Container->resolve('FleetCart\\\\Http\\\\...', Array)
#12 C:\\Users\\Skrat\\Documents\\Personal\\codecanyon-23014826-fleetcart-laravel-ecommerce-system\\FleetCart\\vendor\\laravel\\framework\\src\\Illuminate\\Foundation\\Application.php(759): Illuminate\\Container\\Container->make('FleetCart\\\\Http\\\\...', Array)
#13 C:\\Users\\Skrat\\Documents\\Personal\\codecanyon-23014826-fleetcart-laravel-ecommerce-system\\FleetCart\\vendor\\laravel\\framework\\src\\Illuminate\\Pipeline\\Pipeline.php(152): Illuminate\\Foundation\\Application->make('FleetCart\\\\Http\\\\...')
#14 C:\\Users\\Skrat\\Documents\\Personal\\codecanyon-23014826-fleetcart-laravel-ecommerce-system\\FleetCart\\vendor\\laravel\\framework\\src\\Illuminate\\Routing\\Pipeline.php(53): Illuminate\\Pipeline\\Pipeline->Illuminate\\Pipeline\\{closure}(Object(Illuminate\\Http\\Request))
#15 C:\\Users\\Skrat\\Documents\\Personal\\codecanyon-23014826-fleetcart-laravel-ecommerce-system\\FleetCart\\vendor\\laravel\\framework\\src\\Illuminate\\Pipeline\\Pipeline.php(104): Illuminate\\Routing\\Pipeline->Illuminate\\Routing\\{closure}(Object(Illuminate\\Http\\Request))
#16 C:\\Users\\Skrat\\Documents\\Personal\\codecanyon-23014826-fleetcart-laravel-ecommerce-system\\FleetCart\\vendor\\laravel\\framework\\src\\Illuminate\\Routing\\Router.php(684): Illuminate\\Pipeline\\Pipeline->then(Object(Closure))
#17 C:\\Users\\Skrat\\Documents\\Personal\\codecanyon-23014826-fleetcart-laravel-ecommerce-system\\FleetCart\\vendor\\laravel\\framework\\src\\Illuminate\\Routing\\Router.php(659): Illuminate\\Routing\\Router->runRouteWithinStack(Object(Illuminate\\Routing\\Route), Object(Illuminate\\Http\\Request))
#18 C:\\Users\\Skrat\\Documents\\Personal\\codecanyon-23014826-fleetcart-laravel-ecommerce-system\\FleetCart\\vendor\\laravel\\framework\\src\\Illuminate\\Routing\\Router.php(625): Illuminate\\Routing\\Router->runRoute(Object(Illuminate\\Http\\Request), Object(Illuminate\\Routing\\Route))
#19 C:\\Users\\Skrat\\Documents\\Personal\\codecanyon-23014826-fleetcart-laravel-ecommerce-system\\FleetCart\\vendor\\laravel\\framework\\src\\Illuminate\\Routing\\Router.php(614): Illuminate\\Routing\\Router->dispatchToRoute(Object(Illuminate\\Http\\Request))
#20 C:\\Users\\Skrat\\Documents\\Personal\\codecanyon-23014826-fleetcart-laravel-ecommerce-system\\FleetCart\\vendor\\laravel\\framework\\src\\Illuminate\\Foundation\\Http\\Kernel.php(176): Illuminate\\Routing\\Router->dispatch(Object(Illuminate\\Http\\Request))
#21 C:\\Users\\Skrat\\Documents\\Personal\\codecanyon-23014826-fleetcart-laravel-ecommerce-system\\FleetCart\\vendor\\laravel\\framework\\src\\Illuminate\\Routing\\Pipeline.php(30): Illuminate\\Foundation\\Http\\Kernel->Illuminate\\Foundation\\Http\\{closure}(Object(Illuminate\\Http\\Request))
#22 C:\\Users\\Skrat\\Documents\\Personal\\codecanyon-23014826-fleetcart-laravel-ecommerce-system\\FleetCart\\vendor\\beyondcode\\laravel-query-detector\\src\\QueryDetectorMiddleware.php(27): Illuminate\\Routing\\Pipeline->Illuminate\\Routing\\{closure}(Object(Illuminate\\Http\\Request))
#23 C:\\Users\\Skrat\\Documents\\Personal\\codecanyon-23014826-fleetcart-laravel-ecommerce-system\\FleetCart\\vendor\\laravel\\framework\\src\\Illuminate\\Pipeline\\Pipeline.php(163): BeyondCode\\QueryDetector\\QueryDetectorMiddleware->handle(Object(Illuminate\\Http\\Request), Object(Closure))
#24 C:\\Users\\Skrat\\Documents\\Personal\\codecanyon-23014826-fleetcart-laravel-ecommerce-system\\FleetCart\\vendor\\laravel\\framework\\src\\Illuminate\\Routing\\Pipeline.php(53): Illuminate\\Pipeline\\Pipeline->Illuminate\\Pipeline\\{closure}(Object(Illuminate\\Http\\Request))
#25 C:\\Users\\Skrat\\Documents\\Personal\\codecanyon-23014826-fleetcart-laravel-ecommerce-system\\FleetCart\\vendor\\barryvdh\\laravel-debugbar\\src\\Middleware\\InjectDebugbar.php(58): Illuminate\\Routing\\Pipeline->Illuminate\\Routing\\{closure}(Object(Illuminate\\Http\\Request))
#26 C:\\Users\\Skrat\\Documents\\Personal\\codecanyon-23014826-fleetcart-laravel-ecommerce-system\\FleetCart\\vendor\\laravel\\framework\\src\\Illuminate\\Pipeline\\Pipeline.php(163): Barryvdh\\Debugbar\\Middleware\\InjectDebugbar->handle(Object(Illuminate\\Http\\Request), Object(Closure))
#27 C:\\Users\\Skrat\\Documents\\Personal\\codecanyon-23014826-fleetcart-laravel-ecommerce-system\\FleetCart\\vendor\\laravel\\framework\\src\\Illuminate\\Routing\\Pipeline.php(53): Illuminate\\Pipeline\\Pipeline->Illuminate\\Pipeline\\{closure}(Object(Illuminate\\Http\\Request))
#28 C:\\Users\\Skrat\\Documents\\Personal\\codecanyon-23014826-fleetcart-laravel-ecommerce-system\\FleetCart\\app\\Http\\Middleware\\RunUpdater.php(24): Illuminate\\Routing\\Pipeline->Illuminate\\Routing\\{closure}(Object(Illuminate\\Http\\Request))
#29 C:\\Users\\Skrat\\Documents\\Personal\\codecanyon-23014826-fleetcart-laravel-ecommerce-system\\FleetCart\\vendor\\laravel\\framework\\src\\Illuminate\\Pipeline\\Pipeline.php(163): FleetCart\\Http\\Middleware\\RunUpdater->handle(Object(Illuminate\\Http\\Request), Object(Closure))
#30 C:\\Users\\Skrat\\Documents\\Personal\\codecanyon-23014826-fleetcart-laravel-ecommerce-system\\FleetCart\\vendor\\laravel\\framework\\src\\Illuminate\\Routing\\Pipeline.php(53): Illuminate\\Pipeline\\Pipeline->Illuminate\\Pipeline\\{closure}(Object(Illuminate\\Http\\Request))
#31 C:\\Users\\Skrat\\Documents\\Personal\\codecanyon-23014826-fleetcart-laravel-ecommerce-system\\FleetCart\\app\\Http\\Middleware\\RedirectToInstallerIfNotInstalled.php(22): Illuminate\\Routing\\Pipeline->Illuminate\\Routing\\{closure}(Object(Illuminate\\Http\\Request))
#32 C:\\Users\\Skrat\\Documents\\Personal\\codecanyon-23014826-fleetcart-laravel-ecommerce-system\\FleetCart\\vendor\\laravel\\framework\\src\\Illuminate\\Pipeline\\Pipeline.php(163): FleetCart\\Http\\Middleware\\RedirectToInstallerIfNotInstalled->handle(Object(Illuminate\\Http\\Request), Object(Closure))
#33 C:\\Users\\Skrat\\Documents\\Personal\\codecanyon-23014826-fleetcart-laravel-ecommerce-system\\FleetCart\\vendor\\laravel\\framework\\src\\Illuminate\\Routing\\Pipeline.php(53): Illuminate\\Pipeline\\Pipeline->Illuminate\\Pipeline\\{closure}(Object(Illuminate\\Http\\Request))
#34 C:\\Users\\Skrat\\Documents\\Personal\\codecanyon-23014826-fleetcart-laravel-ecommerce-system\\FleetCart\\vendor\\fideloper\\proxy\\src\\TrustProxies.php(57): Illuminate\\Routing\\Pipeline->Illuminate\\Routing\\{closure}(Object(Illuminate\\Http\\Request))
#35 C:\\Users\\Skrat\\Documents\\Personal\\codecanyon-23014826-fleetcart-laravel-ecommerce-system\\FleetCart\\vendor\\laravel\\framework\\src\\Illuminate\\Pipeline\\Pipeline.php(163): Fideloper\\Proxy\\TrustProxies->handle(Object(Illuminate\\Http\\Request), Object(Closure))
#36 C:\\Users\\Skrat\\Documents\\Personal\\codecanyon-23014826-fleetcart-laravel-ecommerce-system\\FleetCart\\vendor\\laravel\\framework\\src\\Illuminate\\Routing\\Pipeline.php(53): Illuminate\\Pipeline\\Pipeline->Illuminate\\Pipeline\\{closure}(Object(Illuminate\\Http\\Request))
#37 C:\\Users\\Skrat\\Documents\\Personal\\codecanyon-23014826-fleetcart-laravel-ecommerce-system\\FleetCart\\vendor\\laravel\\framework\\src\\Illuminate\\Foundation\\Http\\Middleware\\TransformsRequest.php(31): Illuminate\\Routing\\Pipeline->Illuminate\\Routing\\{closure}(Object(Illuminate\\Http\\Request))
#38 C:\\Users\\Skrat\\Documents\\Personal\\codecanyon-23014826-fleetcart-laravel-ecommerce-system\\FleetCart\\vendor\\laravel\\framework\\src\\Illuminate\\Pipeline\\Pipeline.php(163): Illuminate\\Foundation\\Http\\Middleware\\TransformsRequest->handle(Object(Illuminate\\Http\\Request), Object(Closure))
#39 C:\\Users\\Skrat\\Documents\\Personal\\codecanyon-23014826-fleetcart-laravel-ecommerce-system\\FleetCart\\vendor\\laravel\\framework\\src\\Illuminate\\Routing\\Pipeline.php(53): Illuminate\\Pipeline\\Pipeline->Illuminate\\Pipeline\\{closure}(Object(Illuminate\\Http\\Request))
#40 C:\\Users\\Skrat\\Documents\\Personal\\codecanyon-23014826-fleetcart-laravel-ecommerce-system\\FleetCart\\vendor\\laravel\\framework\\src\\Illuminate\\Foundation\\Http\\Middleware\\TransformsRequest.php(31): Illuminate\\Routing\\Pipeline->Illuminate\\Routing\\{closure}(Object(Illuminate\\Http\\Request))
#41 C:\\Users\\Skrat\\Documents\\Personal\\codecanyon-23014826-fleetcart-laravel-ecommerce-system\\FleetCart\\vendor\\laravel\\framework\\src\\Illuminate\\Pipeline\\Pipeline.php(163): Illuminate\\Foundation\\Http\\Middleware\\TransformsRequest->handle(Object(Illuminate\\Http\\Request), Object(Closure))
#42 C:\\Users\\Skrat\\Documents\\Personal\\codecanyon-23014826-fleetcart-laravel-ecommerce-system\\FleetCart\\vendor\\laravel\\framework\\src\\Illuminate\\Routing\\Pipeline.php(53): Illuminate\\Pipeline\\Pipeline->Illuminate\\Pipeline\\{closure}(Object(Illuminate\\Http\\Request))
#43 C:\\Users\\Skrat\\Documents\\Personal\\codecanyon-23014826-fleetcart-laravel-ecommerce-system\\FleetCart\\vendor\\laravel\\framework\\src\\Illuminate\\Foundation\\Http\\Middleware\\ValidatePostSize.php(27): Illuminate\\Routing\\Pipeline->Illuminate\\Routing\\{closure}(Object(Illuminate\\Http\\Request))
#44 C:\\Users\\Skrat\\Documents\\Personal\\codecanyon-23014826-fleetcart-laravel-ecommerce-system\\FleetCart\\vendor\\laravel\\framework\\src\\Illuminate\\Pipeline\\Pipeline.php(163): Illuminate\\Foundation\\Http\\Middleware\\ValidatePostSize->handle(Object(Illuminate\\Http\\Request), Object(Closure))
#45 C:\\Users\\Skrat\\Documents\\Personal\\codecanyon-23014826-fleetcart-laravel-ecommerce-system\\FleetCart\\vendor\\laravel\\framework\\src\\Illuminate\\Routing\\Pipeline.php(53): Illuminate\\Pipeline\\Pipeline->Illuminate\\Pipeline\\{closure}(Object(Illuminate\\Http\\Request))
#46 C:\\Users\\Skrat\\Documents\\Personal\\codecanyon-23014826-fleetcart-laravel-ecommerce-system\\FleetCart\\vendor\\laravel\\framework\\src\\Illuminate\\Foundation\\Http\\Middleware\\CheckForMaintenanceMode.php(62): Illuminate\\Routing\\Pipeline->Illuminate\\Routing\\{closure}(Object(Illuminate\\Http\\Request))
#47 C:\\Users\\Skrat\\Documents\\Personal\\codecanyon-23014826-fleetcart-laravel-ecommerce-system\\FleetCart\\vendor\\laravel\\framework\\src\\Illuminate\\Pipeline\\Pipeline.php(163): Illuminate\\Foundation\\Http\\Middleware\\CheckForMaintenanceMode->handle(Object(Illuminate\\Http\\Request), Object(Closure))
#48 C:\\Users\\Skrat\\Documents\\Personal\\codecanyon-23014826-fleetcart-laravel-ecommerce-system\\FleetCart\\vendor\\laravel\\framework\\src\\Illuminate\\Routing\\Pipeline.php(53): Illuminate\\Pipeline\\Pipeline->Illuminate\\Pipeline\\{closure}(Object(Illuminate\\Http\\Request))
#49 C:\\Users\\Skrat\\Documents\\Personal\\codecanyon-23014826-fleetcart-laravel-ecommerce-system\\FleetCart\\vendor\\laravel\\framework\\src\\Illuminate\\Pipeline\\Pipeline.php(104): Illuminate\\Routing\\Pipeline->Illuminate\\Routing\\{closure}(Object(Illuminate\\Http\\Request))
#50 C:\\Users\\Skrat\\Documents\\Personal\\codecanyon-23014826-fleetcart-laravel-ecommerce-system\\FleetCart\\vendor\\laravel\\framework\\src\\Illuminate\\Foundation\\Http\\Kernel.php(151): Illuminate\\Pipeline\\Pipeline->then(Object(Closure))
#51 C:\\Users\\Skrat\\Documents\\Personal\\codecanyon-23014826-fleetcart-laravel-ecommerce-system\\FleetCart\\vendor\\laravel\\framework\\src\\Illuminate\\Foundation\\Http\\Kernel.php(116): Illuminate\\Foundation\\Http\\Kernel->sendRequestThroughRouter(Object(Illuminate\\Http\\Request))
#52 C:\\Users\\Skrat\\Documents\\Personal\\codecanyon-23014826-fleetcart-laravel-ecommerce-system\\FleetCart\\public\\index.php(55): Illuminate\\Foundation\\Http\\Kernel->handle(Object(Illuminate\\Http\\Request))
#53 C:\\Users\\Skrat\\Documents\\Personal\\codecanyon-23014826-fleetcart-laravel-ecommerce-system\\FleetCart\\server.php(21): require_once('C:\\\\Users\\\\Skrat\\\\...')
#54 {main}
"} 
[2019-04-19 12:30:55] local.ERROR: No application encryption key has been specified. {"exception":"[object] (RuntimeException(code: 0): No application encryption key has been specified. at C:\\Users\\Skrat\\Documents\\Personal\\codecanyon-23014826-fleetcart-laravel-ecommerce-system\\FleetCart\\vendor\\laravel\\framework\\src\\Illuminate\\Encryption\\EncryptionServiceProvider.php:44)
[stacktrace]
#0 C:\\Users\\Skrat\\Documents\\Personal\\codecanyon-23014826-fleetcart-laravel-ecommerce-system\\FleetCart\\vendor\\laravel\\framework\\src\\Illuminate\\Support\\helpers.php(1027): Illuminate\\Encryption\\EncryptionServiceProvider->Illuminate\\Encryption\\{closure}('')
#1 C:\\Users\\Skrat\\Documents\\Personal\\codecanyon-23014826-fleetcart-laravel-ecommerce-system\\FleetCart\\vendor\\laravel\\framework\\src\\Illuminate\\Encryption\\EncryptionServiceProvider.php(48): tap('', Object(Closure))
#2 C:\\Users\\Skrat\\Documents\\Personal\\codecanyon-23014826-fleetcart-laravel-ecommerce-system\\FleetCart\\vendor\\laravel\\framework\\src\\Illuminate\\Encryption\\EncryptionServiceProvider.php(24): Illuminate\\Encryption\\EncryptionServiceProvider->key(Array)
#3 C:\\Users\\Skrat\\Documents\\Personal\\codecanyon-23014826-fleetcart-laravel-ecommerce-system\\FleetCart\\vendor\\laravel\\framework\\src\\Illuminate\\Container\\Container.php(776): Illuminate\\Encryption\\EncryptionServiceProvider->Illuminate\\Encryption\\{closure}(Object(Illuminate\\Foundation\\Application), Array)
#4 C:\\Users\\Skrat\\Documents\\Personal\\codecanyon-23014826-fleetcart-laravel-ecommerce-system\\FleetCart\\vendor\\laravel\\framework\\src\\Illuminate\\Container\\Container.php(658): Illuminate\\Container\\Container->build(Object(Closure))
#5 C:\\Users\\Skrat\\Documents\\Personal\\codecanyon-23014826-fleetcart-laravel-ecommerce-system\\FleetCart\\vendor\\laravel\\framework\\src\\Illuminate\\Container\\Container.php(609): Illuminate\\Container\\Container->resolve('encrypter', Array)
#6 C:\\Users\\Skrat\\Documents\\Personal\\codecanyon-23014826-fleetcart-laravel-ecommerce-system\\FleetCart\\vendor\\laravel\\framework\\src\\Illuminate\\Foundation\\Application.php(759): Illuminate\\Container\\Container->make('encrypter', Array)
#7 C:\\Users\\Skrat\\Documents\\Personal\\codecanyon-23014826-fleetcart-laravel-ecommerce-system\\FleetCart\\vendor\\laravel\\framework\\src\\Illuminate\\Container\\Container.php(912): Illuminate\\Foundation\\Application->make('encrypter')
#8 C:\\Users\\Skrat\\Documents\\Personal\\codecanyon-23014826-fleetcart-laravel-ecommerce-system\\FleetCart\\vendor\\laravel\\framework\\src\\Illuminate\\Container\\Container.php(840): Illuminate\\Container\\Container->resolveClass(Object(ReflectionParameter))
#9 C:\\Users\\Skrat\\Documents\\Personal\\codecanyon-23014826-fleetcart-laravel-ecommerce-system\\FleetCart\\vendor\\laravel\\framework\\src\\Illuminate\\Container\\Container.php(807): Illuminate\\Container\\Container->resolveDependencies(Array)
#10 C:\\Users\\Skrat\\Documents\\Personal\\codecanyon-23014826-fleetcart-laravel-ecommerce-system\\FleetCart\\vendor\\laravel\\framework\\src\\Illuminate\\Container\\Container.php(658): Illuminate\\Container\\Container->build('FleetCart\\\\Http\\\\...')
#11 C:\\Users\\Skrat\\Documents\\Personal\\codecanyon-23014826-fleetcart-laravel-ecommerce-system\\FleetCart\\vendor\\laravel\\framework\\src\\Illuminate\\Container\\Container.php(609): Illuminate\\Container\\Container->resolve('FleetCart\\\\Http\\\\...', Array)
#12 C:\\Users\\Skrat\\Documents\\Personal\\codecanyon-23014826-fleetcart-laravel-ecommerce-system\\FleetCart\\vendor\\laravel\\framework\\src\\Illuminate\\Foundation\\Application.php(759): Illuminate\\Container\\Container->make('FleetCart\\\\Http\\\\...', Array)
#13 C:\\Users\\Skrat\\Documents\\Personal\\codecanyon-23014826-fleetcart-laravel-ecommerce-system\\FleetCart\\vendor\\laravel\\framework\\src\\Illuminate\\Foundation\\Http\\Kernel.php(215): Illuminate\\Foundation\\Application->make('FleetCart\\\\Http\\\\...')
#14 C:\\Users\\Skrat\\Documents\\Personal\\codecanyon-23014826-fleetcart-laravel-ecommerce-system\\FleetCart\\vendor\\laravel\\framework\\src\\Illuminate\\Foundation\\Http\\Kernel.php(189): Illuminate\\Foundation\\Http\\Kernel->terminateMiddleware(Object(Illuminate\\Http\\Request), Object(Illuminate\\Http\\Response))
#15 C:\\Users\\Skrat\\Documents\\Personal\\codecanyon-23014826-fleetcart-laravel-ecommerce-system\\FleetCart\\public\\index.php(60): Illuminate\\Foundation\\Http\\Kernel->terminate(Object(Illuminate\\Http\\Request), Object(Illuminate\\Http\\Response))
#16 C:\\Users\\Skrat\\Documents\\Personal\\codecanyon-23014826-fleetcart-laravel-ecommerce-system\\FleetCart\\server.php(21): require_once('C:\\\\Users\\\\Skrat\\\\...')
#17 {main}
"} 
[2019-04-19 12:32:32] local.ERROR: No application encryption key has been specified. {"exception":"[object] (RuntimeException(code: 0): No application encryption key has been specified. at C:\\Users\\Skrat\\Documents\\Personal\\codecanyon-23014826-fleetcart-laravel-ecommerce-system\\FleetCart\\vendor\\laravel\\framework\\src\\Illuminate\\Encryption\\EncryptionServiceProvider.php:44)
[stacktrace]
#0 C:\\Users\\Skrat\\Documents\\Personal\\codecanyon-23014826-fleetcart-laravel-ecommerce-system\\FleetCart\\vendor\\laravel\\framework\\src\\Illuminate\\Support\\helpers.php(1027): Illuminate\\Encryption\\EncryptionServiceProvider->Illuminate\\Encryption\\{closure}('')
#1 C:\\Users\\Skrat\\Documents\\Personal\\codecanyon-23014826-fleetcart-laravel-ecommerce-system\\FleetCart\\vendor\\laravel\\framework\\src\\Illuminate\\Encryption\\EncryptionServiceProvider.php(48): tap('', Object(Closure))
#2 C:\\Users\\Skrat\\Documents\\Personal\\codecanyon-23014826-fleetcart-laravel-ecommerce-system\\FleetCart\\vendor\\laravel\\framework\\src\\Illuminate\\Encryption\\EncryptionServiceProvider.php(24): Illuminate\\Encryption\\EncryptionServiceProvider->key(Array)
#3 C:\\Users\\Skrat\\Documents\\Personal\\codecanyon-23014826-fleetcart-laravel-ecommerce-system\\FleetCart\\vendor\\laravel\\framework\\src\\Illuminate\\Container\\Container.php(776): Illuminate\\Encryption\\EncryptionServiceProvider->Illuminate\\Encryption\\{closure}(Object(Illuminate\\Foundation\\Application), Array)
#4 C:\\Users\\Skrat\\Documents\\Personal\\codecanyon-23014826-fleetcart-laravel-ecommerce-system\\FleetCart\\vendor\\laravel\\framework\\src\\Illuminate\\Container\\Container.php(658): Illuminate\\Container\\Container->build(Object(Closure))
#5 C:\\Users\\Skrat\\Documents\\Personal\\codecanyon-23014826-fleetcart-laravel-ecommerce-system\\FleetCart\\vendor\\laravel\\framework\\src\\Illuminate\\Container\\Container.php(609): Illuminate\\Container\\Container->resolve('encrypter', Array)
#6 C:\\Users\\Skrat\\Documents\\Personal\\codecanyon-23014826-fleetcart-laravel-ecommerce-system\\FleetCart\\vendor\\laravel\\framework\\src\\Illuminate\\Foundation\\Application.php(759): Illuminate\\Container\\Container->make('encrypter', Array)
#7 C:\\Users\\Skrat\\Documents\\Personal\\codecanyon-23014826-fleetcart-laravel-ecommerce-system\\FleetCart\\vendor\\laravel\\framework\\src\\Illuminate\\Container\\Container.php(912): Illuminate\\Foundation\\Application->make('encrypter')
#8 C:\\Users\\Skrat\\Documents\\Personal\\codecanyon-23014826-fleetcart-laravel-ecommerce-system\\FleetCart\\vendor\\laravel\\framework\\src\\Illuminate\\Container\\Container.php(840): Illuminate\\Container\\Container->resolveClass(Object(ReflectionParameter))
#9 C:\\Users\\Skrat\\Documents\\Personal\\codecanyon-23014826-fleetcart-laravel-ecommerce-system\\FleetCart\\vendor\\laravel\\framework\\src\\Illuminate\\Container\\Container.php(807): Illuminate\\Container\\Container->resolveDependencies(Array)
#10 C:\\Users\\Skrat\\Documents\\Personal\\codecanyon-23014826-fleetcart-laravel-ecommerce-system\\FleetCart\\vendor\\laravel\\framework\\src\\Illuminate\\Container\\Container.php(658): Illuminate\\Container\\Container->build('FleetCart\\\\Http\\\\...')
#11 C:\\Users\\Skrat\\Documents\\Personal\\codecanyon-23014826-fleetcart-laravel-ecommerce-system\\FleetCart\\vendor\\laravel\\framework\\src\\Illuminate\\Container\\Container.php(609): Illuminate\\Container\\Container->resolve('FleetCart\\\\Http\\\\...', Array)
#12 C:\\Users\\Skrat\\Documents\\Personal\\codecanyon-23014826-fleetcart-laravel-ecommerce-system\\FleetCart\\vendor\\laravel\\framework\\src\\Illuminate\\Foundation\\Application.php(759): Illuminate\\Container\\Container->make('FleetCart\\\\Http\\\\...', Array)
#13 C:\\Users\\Skrat\\Documents\\Personal\\codecanyon-23014826-fleetcart-laravel-ecommerce-system\\FleetCart\\vendor\\laravel\\framework\\src\\Illuminate\\Pipeline\\Pipeline.php(152): Illuminate\\Foundation\\Application->make('FleetCart\\\\Http\\\\...')
#14 C:\\Users\\Skrat\\Documents\\Personal\\codecanyon-23014826-fleetcart-laravel-ecommerce-system\\FleetCart\\vendor\\laravel\\framework\\src\\Illuminate\\Routing\\Pipeline.php(53): Illuminate\\Pipeline\\Pipeline->Illuminate\\Pipeline\\{closure}(Object(Illuminate\\Http\\Request))
#15 C:\\Users\\Skrat\\Documents\\Personal\\codecanyon-23014826-fleetcart-laravel-ecommerce-system\\FleetCart\\vendor\\laravel\\framework\\src\\Illuminate\\Pipeline\\Pipeline.php(104): Illuminate\\Routing\\Pipeline->Illuminate\\Routing\\{closure}(Object(Illuminate\\Http\\Request))
#16 C:\\Users\\Skrat\\Documents\\Personal\\codecanyon-23014826-fleetcart-laravel-ecommerce-system\\FleetCart\\vendor\\laravel\\framework\\src\\Illuminate\\Routing\\Router.php(684): Illuminate\\Pipeline\\Pipeline->then(Object(Closure))
#17 C:\\Users\\Skrat\\Documents\\Personal\\codecanyon-23014826-fleetcart-laravel-ecommerce-system\\FleetCart\\vendor\\laravel\\framework\\src\\Illuminate\\Routing\\Router.php(659): Illuminate\\Routing\\Router->runRouteWithinStack(Object(Illuminate\\Routing\\Route), Object(Illuminate\\Http\\Request))
#18 C:\\Users\\Skrat\\Documents\\Personal\\codecanyon-23014826-fleetcart-laravel-ecommerce-system\\FleetCart\\vendor\\laravel\\framework\\src\\Illuminate\\Routing\\Router.php(625): Illuminate\\Routing\\Router->runRoute(Object(Illuminate\\Http\\Request), Object(Illuminate\\Routing\\Route))
#19 C:\\Users\\Skrat\\Documents\\Personal\\codecanyon-23014826-fleetcart-laravel-ecommerce-system\\FleetCart\\vendor\\laravel\\framework\\src\\Illuminate\\Routing\\Router.php(614): Illuminate\\Routing\\Router->dispatchToRoute(Object(Illuminate\\Http\\Request))
#20 C:\\Users\\Skrat\\Documents\\Personal\\codecanyon-23014826-fleetcart-laravel-ecommerce-system\\FleetCart\\vendor\\laravel\\framework\\src\\Illuminate\\Foundation\\Http\\Kernel.php(176): Illuminate\\Routing\\Router->dispatch(Object(Illuminate\\Http\\Request))
#21 C:\\Users\\Skrat\\Documents\\Personal\\codecanyon-23014826-fleetcart-laravel-ecommerce-system\\FleetCart\\vendor\\laravel\\framework\\src\\Illuminate\\Routing\\Pipeline.php(30): Illuminate\\Foundation\\Http\\Kernel->Illuminate\\Foundation\\Http\\{closure}(Object(Illuminate\\Http\\Request))
#22 C:\\Users\\Skrat\\Documents\\Personal\\codecanyon-23014826-fleetcart-laravel-ecommerce-system\\FleetCart\\vendor\\beyondcode\\laravel-query-detector\\src\\QueryDetectorMiddleware.php(27): Illuminate\\Routing\\Pipeline->Illuminate\\Routing\\{closure}(Object(Illuminate\\Http\\Request))
#23 C:\\Users\\Skrat\\Documents\\Personal\\codecanyon-23014826-fleetcart-laravel-ecommerce-system\\FleetCart\\vendor\\laravel\\framework\\src\\Illuminate\\Pipeline\\Pipeline.php(163): BeyondCode\\QueryDetector\\QueryDetectorMiddleware->handle(Object(Illuminate\\Http\\Request), Object(Closure))
#24 C:\\Users\\Skrat\\Documents\\Personal\\codecanyon-23014826-fleetcart-laravel-ecommerce-system\\FleetCart\\vendor\\laravel\\framework\\src\\Illuminate\\Routing\\Pipeline.php(53): Illuminate\\Pipeline\\Pipeline->Illuminate\\Pipeline\\{closure}(Object(Illuminate\\Http\\Request))
#25 C:\\Users\\Skrat\\Documents\\Personal\\codecanyon-23014826-fleetcart-laravel-ecommerce-system\\FleetCart\\vendor\\barryvdh\\laravel-debugbar\\src\\Middleware\\InjectDebugbar.php(58): Illuminate\\Routing\\Pipeline->Illuminate\\Routing\\{closure}(Object(Illuminate\\Http\\Request))
#26 C:\\Users\\Skrat\\Documents\\Personal\\codecanyon-23014826-fleetcart-laravel-ecommerce-system\\FleetCart\\vendor\\laravel\\framework\\src\\Illuminate\\Pipeline\\Pipeline.php(163): Barryvdh\\Debugbar\\Middleware\\InjectDebugbar->handle(Object(Illuminate\\Http\\Request), Object(Closure))
#27 C:\\Users\\Skrat\\Documents\\Personal\\codecanyon-23014826-fleetcart-laravel-ecommerce-system\\FleetCart\\vendor\\laravel\\framework\\src\\Illuminate\\Routing\\Pipeline.php(53): Illuminate\\Pipeline\\Pipeline->Illuminate\\Pipeline\\{closure}(Object(Illuminate\\Http\\Request))
#28 C:\\Users\\Skrat\\Documents\\Personal\\codecanyon-23014826-fleetcart-laravel-ecommerce-system\\FleetCart\\app\\Http\\Middleware\\RunUpdater.php(24): Illuminate\\Routing\\Pipeline->Illuminate\\Routing\\{closure}(Object(Illuminate\\Http\\Request))
#29 C:\\Users\\Skrat\\Documents\\Personal\\codecanyon-23014826-fleetcart-laravel-ecommerce-system\\FleetCart\\vendor\\laravel\\framework\\src\\Illuminate\\Pipeline\\Pipeline.php(163): FleetCart\\Http\\Middleware\\RunUpdater->handle(Object(Illuminate\\Http\\Request), Object(Closure))
#30 C:\\Users\\Skrat\\Documents\\Personal\\codecanyon-23014826-fleetcart-laravel-ecommerce-system\\FleetCart\\vendor\\laravel\\framework\\src\\Illuminate\\Routing\\Pipeline.php(53): Illuminate\\Pipeline\\Pipeline->Illuminate\\Pipeline\\{closure}(Object(Illuminate\\Http\\Request))
#31 C:\\Users\\Skrat\\Documents\\Personal\\codecanyon-23014826-fleetcart-laravel-ecommerce-system\\FleetCart\\app\\Http\\Middleware\\RedirectToInstallerIfNotInstalled.php(22): Illuminate\\Routing\\Pipeline->Illuminate\\Routing\\{closure}(Object(Illuminate\\Http\\Request))
#32 C:\\Users\\Skrat\\Documents\\Personal\\codecanyon-23014826-fleetcart-laravel-ecommerce-system\\FleetCart\\vendor\\laravel\\framework\\src\\Illuminate\\Pipeline\\Pipeline.php(163): FleetCart\\Http\\Middleware\\RedirectToInstallerIfNotInstalled->handle(Object(Illuminate\\Http\\Request), Object(Closure))
#33 C:\\Users\\Skrat\\Documents\\Personal\\codecanyon-23014826-fleetcart-laravel-ecommerce-system\\FleetCart\\vendor\\laravel\\framework\\src\\Illuminate\\Routing\\Pipeline.php(53): Illuminate\\Pipeline\\Pipeline->Illuminate\\Pipeline\\{closure}(Object(Illuminate\\Http\\Request))
#34 C:\\Users\\Skrat\\Documents\\Personal\\codecanyon-23014826-fleetcart-laravel-ecommerce-system\\FleetCart\\vendor\\fideloper\\proxy\\src\\TrustProxies.php(57): Illuminate\\Routing\\Pipeline->Illuminate\\Routing\\{closure}(Object(Illuminate\\Http\\Request))
#35 C:\\Users\\Skrat\\Documents\\Personal\\codecanyon-23014826-fleetcart-laravel-ecommerce-system\\FleetCart\\vendor\\laravel\\framework\\src\\Illuminate\\Pipeline\\Pipeline.php(163): Fideloper\\Proxy\\TrustProxies->handle(Object(Illuminate\\Http\\Request), Object(Closure))
#36 C:\\Users\\Skrat\\Documents\\Personal\\codecanyon-23014826-fleetcart-laravel-ecommerce-system\\FleetCart\\vendor\\laravel\\framework\\src\\Illuminate\\Routing\\Pipeline.php(53): Illuminate\\Pipeline\\Pipeline->Illuminate\\Pipeline\\{closure}(Object(Illuminate\\Http\\Request))
#37 C:\\Users\\Skrat\\Documents\\Personal\\codecanyon-23014826-fleetcart-laravel-ecommerce-system\\FleetCart\\vendor\\laravel\\framework\\src\\Illuminate\\Foundation\\Http\\Middleware\\TransformsRequest.php(31): Illuminate\\Routing\\Pipeline->Illuminate\\Routing\\{closure}(Object(Illuminate\\Http\\Request))
#38 C:\\Users\\Skrat\\Documents\\Personal\\codecanyon-23014826-fleetcart-laravel-ecommerce-system\\FleetCart\\vendor\\laravel\\framework\\src\\Illuminate\\Pipeline\\Pipeline.php(163): Illuminate\\Foundation\\Http\\Middleware\\TransformsRequest->handle(Object(Illuminate\\Http\\Request), Object(Closure))
#39 C:\\Users\\Skrat\\Documents\\Personal\\codecanyon-23014826-fleetcart-laravel-ecommerce-system\\FleetCart\\vendor\\laravel\\framework\\src\\Illuminate\\Routing\\Pipeline.php(53): Illuminate\\Pipeline\\Pipeline->Illuminate\\Pipeline\\{closure}(Object(Illuminate\\Http\\Request))
#40 C:\\Users\\Skrat\\Documents\\Personal\\codecanyon-23014826-fleetcart-laravel-ecommerce-system\\FleetCart\\vendor\\laravel\\framework\\src\\Illuminate\\Foundation\\Http\\Middleware\\TransformsRequest.php(31): Illuminate\\Routing\\Pipeline->Illuminate\\Routing\\{closure}(Object(Illuminate\\Http\\Request))
#41 C:\\Users\\Skrat\\Documents\\Personal\\codecanyon-23014826-fleetcart-laravel-ecommerce-system\\FleetCart\\vendor\\laravel\\framework\\src\\Illuminate\\Pipeline\\Pipeline.php(163): Illuminate\\Foundation\\Http\\Middleware\\TransformsRequest->handle(Object(Illuminate\\Http\\Request), Object(Closure))
#42 C:\\Users\\Skrat\\Documents\\Personal\\codecanyon-23014826-fleetcart-laravel-ecommerce-system\\FleetCart\\vendor\\laravel\\framework\\src\\Illuminate\\Routing\\Pipeline.php(53): Illuminate\\Pipeline\\Pipeline->Illuminate\\Pipeline\\{closure}(Object(Illuminate\\Http\\Request))
#43 C:\\Users\\Skrat\\Documents\\Personal\\codecanyon-23014826-fleetcart-laravel-ecommerce-system\\FleetCart\\vendor\\laravel\\framework\\src\\Illuminate\\Foundation\\Http\\Middleware\\ValidatePostSize.php(27): Illuminate\\Routing\\Pipeline->Illuminate\\Routing\\{closure}(Object(Illuminate\\Http\\Request))
#44 C:\\Users\\Skrat\\Documents\\Personal\\codecanyon-23014826-fleetcart-laravel-ecommerce-system\\FleetCart\\vendor\\laravel\\framework\\src\\Illuminate\\Pipeline\\Pipeline.php(163): Illuminate\\Foundation\\Http\\Middleware\\ValidatePostSize->handle(Object(Illuminate\\Http\\Request), Object(Closure))
#45 C:\\Users\\Skrat\\Documents\\Personal\\codecanyon-23014826-fleetcart-laravel-ecommerce-system\\FleetCart\\vendor\\laravel\\framework\\src\\Illuminate\\Routing\\Pipeline.php(53): Illuminate\\Pipeline\\Pipeline->Illuminate\\Pipeline\\{closure}(Object(Illuminate\\Http\\Request))
#46 C:\\Users\\Skrat\\Documents\\Personal\\codecanyon-23014826-fleetcart-laravel-ecommerce-system\\FleetCart\\vendor\\laravel\\framework\\src\\Illuminate\\Foundation\\Http\\Middleware\\CheckForMaintenanceMode.php(62): Illuminate\\Routing\\Pipeline->Illuminate\\Routing\\{closure}(Object(Illuminate\\Http\\Request))
#47 C:\\Users\\Skrat\\Documents\\Personal\\codecanyon-23014826-fleetcart-laravel-ecommerce-system\\FleetCart\\vendor\\laravel\\framework\\src\\Illuminate\\Pipeline\\Pipeline.php(163): Illuminate\\Foundation\\Http\\Middleware\\CheckForMaintenanceMode->handle(Object(Illuminate\\Http\\Request), Object(Closure))
#48 C:\\Users\\Skrat\\Documents\\Personal\\codecanyon-23014826-fleetcart-laravel-ecommerce-system\\FleetCart\\vendor\\laravel\\framework\\src\\Illuminate\\Routing\\Pipeline.php(53): Illuminate\\Pipeline\\Pipeline->Illuminate\\Pipeline\\{closure}(Object(Illuminate\\Http\\Request))
#49 C:\\Users\\Skrat\\Documents\\Personal\\codecanyon-23014826-fleetcart-laravel-ecommerce-system\\FleetCart\\vendor\\laravel\\framework\\src\\Illuminate\\Pipeline\\Pipeline.php(104): Illuminate\\Routing\\Pipeline->Illuminate\\Routing\\{closure}(Object(Illuminate\\Http\\Request))
#50 C:\\Users\\Skrat\\Documents\\Personal\\codecanyon-23014826-fleetcart-laravel-ecommerce-system\\FleetCart\\vendor\\laravel\\framework\\src\\Illuminate\\Foundation\\Http\\Kernel.php(151): Illuminate\\Pipeline\\Pipeline->then(Object(Closure))
#51 C:\\Users\\Skrat\\Documents\\Personal\\codecanyon-23014826-fleetcart-laravel-ecommerce-system\\FleetCart\\vendor\\laravel\\framework\\src\\Illuminate\\Foundation\\Http\\Kernel.php(116): Illuminate\\Foundation\\Http\\Kernel->sendRequestThroughRouter(Object(Illuminate\\Http\\Request))
#52 C:\\Users\\Skrat\\Documents\\Personal\\codecanyon-23014826-fleetcart-laravel-ecommerce-system\\FleetCart\\public\\index.php(55): Illuminate\\Foundation\\Http\\Kernel->handle(Object(Illuminate\\Http\\Request))
#53 C:\\Users\\Skrat\\Documents\\Personal\\codecanyon-23014826-fleetcart-laravel-ecommerce-system\\FleetCart\\server.php(21): require_once('C:\\\\Users\\\\Skrat\\\\...')
#54 {main}
"} 
[2019-04-19 12:32:32] local.ERROR: No application encryption key has been specified. {"exception":"[object] (RuntimeException(code: 0): No application encryption key has been specified. at C:\\Users\\Skrat\\Documents\\Personal\\codecanyon-23014826-fleetcart-laravel-ecommerce-system\\FleetCart\\vendor\\laravel\\framework\\src\\Illuminate\\Encryption\\EncryptionServiceProvider.php:44)
[stacktrace]
#0 C:\\Users\\Skrat\\Documents\\Personal\\codecanyon-23014826-fleetcart-laravel-ecommerce-system\\FleetCart\\vendor\\laravel\\framework\\src\\Illuminate\\Support\\helpers.php(1027): Illuminate\\Encryption\\EncryptionServiceProvider->Illuminate\\Encryption\\{closure}('')
#1 C:\\Users\\Skrat\\Documents\\Personal\\codecanyon-23014826-fleetcart-laravel-ecommerce-system\\FleetCart\\vendor\\laravel\\framework\\src\\Illuminate\\Encryption\\EncryptionServiceProvider.php(48): tap('', Object(Closure))
#2 C:\\Users\\Skrat\\Documents\\Personal\\codecanyon-23014826-fleetcart-laravel-ecommerce-system\\FleetCart\\vendor\\laravel\\framework\\src\\Illuminate\\Encryption\\EncryptionServiceProvider.php(24): Illuminate\\Encryption\\EncryptionServiceProvider->key(Array)
#3 C:\\Users\\Skrat\\Documents\\Personal\\codecanyon-23014826-fleetcart-laravel-ecommerce-system\\FleetCart\\vendor\\laravel\\framework\\src\\Illuminate\\Container\\Container.php(776): Illuminate\\Encryption\\EncryptionServiceProvider->Illuminate\\Encryption\\{closure}(Object(Illuminate\\Foundation\\Application), Array)
#4 C:\\Users\\Skrat\\Documents\\Personal\\codecanyon-23014826-fleetcart-laravel-ecommerce-system\\FleetCart\\vendor\\laravel\\framework\\src\\Illuminate\\Container\\Container.php(658): Illuminate\\Container\\Container->build(Object(Closure))
#5 C:\\Users\\Skrat\\Documents\\Personal\\codecanyon-23014826-fleetcart-laravel-ecommerce-system\\FleetCart\\vendor\\laravel\\framework\\src\\Illuminate\\Container\\Container.php(609): Illuminate\\Container\\Container->resolve('encrypter', Array)
#6 C:\\Users\\Skrat\\Documents\\Personal\\codecanyon-23014826-fleetcart-laravel-ecommerce-system\\FleetCart\\vendor\\laravel\\framework\\src\\Illuminate\\Foundation\\Application.php(759): Illuminate\\Container\\Container->make('encrypter', Array)
#7 C:\\Users\\Skrat\\Documents\\Personal\\codecanyon-23014826-fleetcart-laravel-ecommerce-system\\FleetCart\\vendor\\laravel\\framework\\src\\Illuminate\\Container\\Container.php(912): Illuminate\\Foundation\\Application->make('encrypter')
#8 C:\\Users\\Skrat\\Documents\\Personal\\codecanyon-23014826-fleetcart-laravel-ecommerce-system\\FleetCart\\vendor\\laravel\\framework\\src\\Illuminate\\Container\\Container.php(840): Illuminate\\Container\\Container->resolveClass(Object(ReflectionParameter))
#9 C:\\Users\\Skrat\\Documents\\Personal\\codecanyon-23014826-fleetcart-laravel-ecommerce-system\\FleetCart\\vendor\\laravel\\framework\\src\\Illuminate\\Container\\Container.php(807): Illuminate\\Container\\Container->resolveDependencies(Array)
#10 C:\\Users\\Skrat\\Documents\\Personal\\codecanyon-23014826-fleetcart-laravel-ecommerce-system\\FleetCart\\vendor\\laravel\\framework\\src\\Illuminate\\Container\\Container.php(658): Illuminate\\Container\\Container->build('FleetCart\\\\Http\\\\...')
#11 C:\\Users\\Skrat\\Documents\\Personal\\codecanyon-23014826-fleetcart-laravel-ecommerce-system\\FleetCart\\vendor\\laravel\\framework\\src\\Illuminate\\Container\\Container.php(609): Illuminate\\Container\\Container->resolve('FleetCart\\\\Http\\\\...', Array)
#12 C:\\Users\\Skrat\\Documents\\Personal\\codecanyon-23014826-fleetcart-laravel-ecommerce-system\\FleetCart\\vendor\\laravel\\framework\\src\\Illuminate\\Foundation\\Application.php(759): Illuminate\\Container\\Container->make('FleetCart\\\\Http\\\\...', Array)
#13 C:\\Users\\Skrat\\Documents\\Personal\\codecanyon-23014826-fleetcart-laravel-ecommerce-system\\FleetCart\\vendor\\laravel\\framework\\src\\Illuminate\\Foundation\\Http\\Kernel.php(215): Illuminate\\Foundation\\Application->make('FleetCart\\\\Http\\\\...')
#14 C:\\Users\\Skrat\\Documents\\Personal\\codecanyon-23014826-fleetcart-laravel-ecommerce-system\\FleetCart\\vendor\\laravel\\framework\\src\\Illuminate\\Foundation\\Http\\Kernel.php(189): Illuminate\\Foundation\\Http\\Kernel->terminateMiddleware(Object(Illuminate\\Http\\Request), Object(Illuminate\\Http\\Response))
#15 C:\\Users\\Skrat\\Documents\\Personal\\codecanyon-23014826-fleetcart-laravel-ecommerce-system\\FleetCart\\public\\index.php(60): Illuminate\\Foundation\\Http\\Kernel->terminate(Object(Illuminate\\Http\\Request), Object(Illuminate\\Http\\Response))
#16 C:\\Users\\Skrat\\Documents\\Personal\\codecanyon-23014826-fleetcart-laravel-ecommerce-system\\FleetCart\\server.php(21): require_once('C:\\\\Users\\\\Skrat\\\\...')
#17 {main}
"} 
